<?xml version="1.0" encoding="UTF-8"?>
<!-- Generated by org.testng.reporters.JUnitXMLReporter -->
<testsuite hostname="Basu-PC" ignored="0" name="Firefox Test" tests="2" failures="0" timestamp="01 Aug 2020 11:45:11 GMT" time="0.09" errors="0">
  <testcase name="@BeforeMethod setup" time="0.014" classname="azure.FreshWorksTest">
    <failure type="java.lang.NullPointerException">
      <![CDATA[java.lang.NullPointerException
at azure.FreshWorksTest.setup(FreshWorksTest.java:53)
at java.util.concurrent.FutureTask.run(FutureTask.java:266)
at java.util.concurrent.ThreadPoolExecutor.runWorker(ThreadPoolExecutor.java:1149)
at java.util.concurrent.ThreadPoolExecutor$Worker.run(ThreadPoolExecutor.java:624)
at java.lang.Thread.run(Thread.java:748)
... Removed 19 stack frames]]>
    </failure>
  </testcase> <!-- @BeforeMethod setup -->
  <testcase name="@AfterMethod tearDown" time="0.0" classname="azure.FreshWorksTest">
    <skipped/>
  </testcase> <!-- @AfterMethod tearDown -->
  <testcase name="@BeforeMethod setup" time="0.0" classname="azure.FreshWorksTest">
    <skipped/>
  </testcase> <!-- @BeforeMethod setup -->
  <testcase name="@AfterMethod tearDown" time="0.0" classname="azure.FreshWorksTest">
    <skipped/>
  </testcase> <!-- @AfterMethod tearDown -->
  <testcase name="freshWorksTitleTest" time="0.0" classname="azure.FreshWorksTest">
    <skipped/>
  </testcase> <!-- freshWorksTitleTest -->
  <testcase name="getFooterLinksTest" time="0.0" classname="azure.FreshWorksTest">
    <skipped/>
  </testcase> <!-- getFooterLinksTest -->
</testsuite> <!-- Firefox Test -->
