<?xml version="1.0" encoding="UTF-8"?>
<!-- Generated by org.testng.reporters.JUnitXMLReporter -->
<testsuite hostname="Basu-PC" ignored="0" name="Test" tests="3" failures="0" timestamp="14 Feb 2020 18:17:54 GMT" time="52.818" errors="0">
  <testcase name="test1" time="30.993" classname="demo.TestNGParallelTesting"/>
  <testcase name="test3" time="43.052" classname="demo.TestNGParallelTesting"/>
  <testcase name="test2" time="52.736" classname="demo.TestNGParallelTesting"/>
</testsuite> <!-- Test -->
